This is pdfTeX, Version 3.141592653-2.6-1.40.22 (TeX Live 2022/dev/Debian) (preloaded format=pdflatex 2026.3.3)  21 MAR 2026 09:38
entering extended mode
 restricted \write18 enabled.
 %&-line parsing enabled.
**DetailedDesign_StageA.tex
(./DetailedDesign_StageA.tex
LaTeX2e <2021-11-15> patch level 1
L3 programming layer <2022-01-21>
(/usr/share/texlive/texmf-dist/tex/latex/base/article.cls
Document Class: article 2021/10/04 v1.4n Standard LaTeX document class
(/usr/share/texlive/texmf-dist/tex/latex/base/size11.clo
File: size11.clo 2021/10/04 v1.4n Standard LaTeX file (size option)
)
\c@part=\count185
\c@section=\count186
\c@subsection=\count187
\c@subsubsection=\count188
\c@paragraph=\count189
\c@subparagraph=\count190
\c@figure=\count191
\c@table=\count192
\abovecaptionskip=\skip47
\belowcaptionskip=\skip48
\bibindent=\dimen138
)
(/usr/share/texlive/texmf-dist/tex/latex/geometry/geometry.sty
Package: geometry 2020/01/02 v5.9 Page Geometry

(/usr/share/texlive/texmf-dist/tex/latex/graphics/keyval.sty
Package: keyval 2014/10/28 v1.15 key=value parser (DPC)
\KV@toks@=\toks16
)
(/usr/share/texlive/texmf-dist/tex/generic/iftex/ifvtex.sty
Package: ifvtex 2019/10/25 v1.7 ifvtex legacy package. Use iftex instead.

(/usr/share/texlive/texmf-dist/tex/generic/iftex/iftex.sty
Package: iftex 2020/03/06 v1.0d TeX engine tests
))
\Gm@cnth=\count193
\Gm@cntv=\count194
\c@Gm@tempcnt=\count195
\Gm@bindingoffset=\dimen139
\Gm@wd@mp=\dimen140
\Gm@odd@mp=\dimen141
\Gm@even@mp=\dimen142
\Gm@layoutwidth=\dimen143
\Gm@layoutheight=\dimen144
\Gm@layouthoffset=\dimen145
\Gm@layoutvoffset=\dimen146
\Gm@dimlist=\toks17
)
(/usr/share/texlive/texmf-dist/tex/latex/amsmath/amsmath.sty
Package: amsmath 2021/10/15 v2.17l AMS math features
\@mathmargin=\skip49

For additional information on amsmath, use the `?' option.
(/usr/share/texlive/texmf-dist/tex/latex/amsmath/amstext.sty
Package: amstext 2021/08/26 v2.01 AMS text

(/usr/share/texlive/texmf-dist/tex/latex/amsmath/amsgen.sty
File: amsgen.sty 1999/11/30 v2.0 generic functions
\@emptytoks=\toks18
\ex@=\dimen147
))
(/usr/share/texlive/texmf-dist/tex/latex/amsmath/amsbsy.sty
Package: amsbsy 1999/11/29 v1.2d Bold Symbols
\pmbraise@=\dimen148
)
(/usr/share/texlive/texmf-dist/tex/latex/amsmath/amsopn.sty
Package: amsopn 2021/08/26 v2.02 operator names
)
\inf@bad=\count196
LaTeX Info: Redefining \frac on input line 234.
\uproot@=\count197
\leftroot@=\count198
LaTeX Info: Redefining \overline on input line 399.
\classnum@=\count199
\DOTSCASE@=\count266
LaTeX Info: Redefining \ldots on input line 496.
LaTeX Info: Redefining \dots on input line 499.
LaTeX Info: Redefining \cdots on input line 620.
\Mathstrutbox@=\box50
\strutbox@=\box51
\big@size=\dimen149
LaTeX Font Info:    Redeclaring font encoding OML on input line 743.
LaTeX Font Info:    Redeclaring font encoding OMS on input line 744.
\macc@depth=\count267
\c@MaxMatrixCols=\count268
\dotsspace@=\muskip16
\c@parentequation=\count269
\dspbrk@lvl=\count270
\tag@help=\toks19
\row@=\count271
\column@=\count272
\maxfields@=\count273
\andhelp@=\toks20
\eqnshift@=\dimen150
\alignsep@=\dimen151
\tagshift@=\dimen152
\tagwidth@=\dimen153
\totwidth@=\dimen154
\lineht@=\dimen155
\@envbody=\toks21
\multlinegap=\skip50
\multlinetaggap=\skip51
\mathdisplay@stack=\toks22
LaTeX Info: Redefining \[ on input line 2938.
LaTeX Info: Redefining \] on input line 2939.
)
(/usr/share/texlive/texmf-dist/tex/latex/amsfonts/amssymb.sty
Package: amssymb 2013/01/14 v3.01 AMS font symbols

(/usr/share/texlive/texmf-dist/tex/latex/amsfonts/amsfonts.sty
Package: amsfonts 2013/01/14 v3.01 Basic AMSFonts support
\symAMSa=\mathgroup4
\symAMSb=\mathgroup5
LaTeX Font Info:    Redeclaring math symbol \hbar on input line 98.
LaTeX Font Info:    Overwriting math alphabet `\mathfrak' in version `bold'
(Font)                  U/euf/m/n --> U/euf/b/n on input line 106.
))
(/usr/share/texlive/texmf-dist/tex/latex/amscls/amsthm.sty
Package: amsthm 2020/05/29 v2.20.6
\thm@style=\toks23
\thm@bodyfont=\toks24
\thm@headfont=\toks25
\thm@notefont=\toks26
\thm@headpunct=\toks27
\thm@preskip=\skip52
\thm@postskip=\skip53
\thm@headsep=\skip54
\dth@everypar=\toks28
)
(/usr/share/texlive/texmf-dist/tex/latex/tools/verbatim.sty
Package: verbatim 2020-07-07 v1.5u LaTeX2e package for verbatim enhancements
\every@verbatim=\toks29
\verbatim@line=\toks30
\verbatim@in@stream=\read2
)
(/usr/share/texlive/texmf-dist/tex/latex/base/alltt.sty
Package: alltt 2021/01/29 v2.0g defines alltt environment
)
(/usr/share/texlive/texmf-dist/tex/latex/tools/array.sty
Package: array 2021/10/04 v2.5f Tabular extension package (FMi)
\col@sep=\dimen156
\ar@mcellbox=\box52
\extrarowheight=\dimen157
\NC@list=\toks31
\extratabsurround=\skip55
\backup@length=\skip56
\ar@cellbox=\box53
)
(/usr/share/texlive/texmf-dist/tex/latex/url/url.sty
\Urlmuskip=\muskip17
Package: url 2013/09/16  ver 3.4  Verb mode for urls, etc.
)
(/usr/share/texlive/texmf-dist/tex/latex/xcolor/xcolor.sty
Package: xcolor 2021/10/31 v2.13 LaTeX color extensions (UK)

(/usr/share/texlive/texmf-dist/tex/latex/graphics-cfg/color.cfg
File: color.cfg 2016/01/02 v1.6 sample color configuration
)
Package xcolor Info: Driver file: pdftex.def on input line 227.

(/usr/share/texlive/texmf-dist/tex/latex/graphics-def/pdftex.def
File: pdftex.def 2020/10/05 v1.2a Graphics/color driver for pdftex
)
(/usr/share/texlive/texmf-dist/tex/latex/colortbl/colortbl.sty
Package: colortbl 2020/01/04 v1.0e Color table columns (DPC)
\everycr=\toks32
\minrowclearance=\skip57
)
\rownum=\count274
Package xcolor Info: Model `cmy' substituted by `cmy0' on input line 1352.
Package xcolor Info: Model `hsb' substituted by `rgb' on input line 1356.
Package xcolor Info: Model `RGB' extended on input line 1368.
Package xcolor Info: Model `HTML' substituted by `rgb' on input line 1370.
Package xcolor Info: Model `Hsb' substituted by `hsb' on input line 1371.
Package xcolor Info: Model `tHsb' substituted by `hsb' on input line 1372.
Package xcolor Info: Model `HSB' substituted by `hsb' on input line 1373.
Package xcolor Info: Model `Gray' substituted by `gray' on input line 1374.
Package xcolor Info: Model `wave' substituted by `hsb' on input line 1375.
)
\c@keyidea=\count275
\c@example=\count276
\c@note=\count277

(/usr/share/texlive/texmf-dist/tex/latex/l3backend/l3backend-pdftex.def
File: l3backend-pdftex.def 2022-01-12 L3 backend support: PDF output (pdfTeX)
\l__color_backend_stack_int=\count278
\l__pdf_internal_box=\box54
)
(./DetailedDesign_StageA.aux)
\openout1 = `DetailedDesign_StageA.aux'.

LaTeX Font Info:    Checking defaults for OML/cmm/m/it on input line 32.
LaTeX Font Info:    ... okay on input line 32.
LaTeX Font Info:    Checking defaults for OMS/cmsy/m/n on input line 32.
LaTeX Font Info:    ... okay on input line 32.
LaTeX Font Info:    Checking defaults for OT1/cmr/m/n on input line 32.
LaTeX Font Info:    ... okay on input line 32.
LaTeX Font Info:    Checking defaults for T1/cmr/m/n on input line 32.
LaTeX Font Info:    ... okay on input line 32.
LaTeX Font Info:    Checking defaults for TS1/cmr/m/n on input line 32.
LaTeX Font Info:    ... okay on input line 32.
LaTeX Font Info:    Checking defaults for OMX/cmex/m/n on input line 32.
LaTeX Font Info:    ... okay on input line 32.
LaTeX Font Info:    Checking defaults for U/cmr/m/n on input line 32.
LaTeX Font Info:    ... okay on input line 32.

*geometry* driver: auto-detecting
*geometry* detected driver: pdftex
*geometry* verbose mode - [ preamble ] result:
* driver: pdftex
* paper: <default>
* layout: <same size as paper>
* layoutoffset:(h,v)=(0.0pt,0.0pt)
* modes: 
* h-part:(L,W,R)=(72.26999pt, 469.75502pt, 72.26999pt)
* v-part:(T,H,B)=(72.26999pt, 650.43001pt, 72.26999pt)
* \paperwidth=614.295pt
* \paperheight=794.96999pt
* \textwidth=469.75502pt
* \textheight=650.43001pt
* \oddsidemargin=0.0pt
* \evensidemargin=0.0pt
* \topmargin=-37.0pt
* \headheight=12.0pt
* \headsep=25.0pt
* \topskip=11.0pt
* \footskip=30.0pt
* \marginparwidth=59.0pt
* \marginparsep=10.0pt
* \columnsep=10.0pt
* \skip\footins=10.0pt plus 4.0pt minus 2.0pt
* \hoffset=0.0pt
* \voffset=0.0pt
* \mag=1000
* \@twocolumnfalse
* \@twosidefalse
* \@mparswitchfalse
* \@reversemarginfalse
* (1in=72.27pt=25.4mm, 1cm=28.453pt)

(/usr/share/texlive/texmf-dist/tex/context/base/mkii/supp-pdf.mkii
[Loading MPS to PDF converter (version 2006.09.02).]
\scratchcounter=\count279
\scratchdimen=\dimen158
\scratchbox=\box55
\nofMPsegments=\count280
\nofMParguments=\count281
\everyMPshowfont=\toks33
\MPscratchCnt=\count282
\MPscratchDim=\dimen159
\MPnumerator=\count283
\makeMPintoPDFobject=\count284
\everyMPtoPDFconversion=\toks34
)
LaTeX Font Info:    Trying to load font information for U+msa on input line 33.

 (/usr/share/texlive/texmf-dist/tex/latex/amsfonts/umsa.fd
File: umsa.fd 2013/01/14 v3.01 AMS symbols A
)
LaTeX Font Info:    Trying to load font information for U+msb on input line 33.


(/usr/share/texlive/texmf-dist/tex/latex/amsfonts/umsb.fd
File: umsb.fd 2013/01/14 v3.01 AMS symbols B
)
(./DetailedDesign_StageA.toc [1

{/var/lib/texmf/fonts/map/pdftex/updmap/pdftex.map}]
LaTeX Font Info:    Font shape `OT1/cmtt/bx/n' in size <10.95> not available
(Font)              Font shape `OT1/cmtt/m/n' tried instead on input line 71.
)
\tf@toc=\write3
\openout3 = `DetailedDesign_StageA.toc'.

 [2] [3] [4

] [5

] [6] [7]
Overfull \hbox (11.24847pt too wide) in paragraph at lines 400--402
[]\OT1/cmr/m/n/10.95 The cor-re-spond-ing code, taken from \OT1/cmtt/m/n/10.95 
_hypothetical_belief_grid_indices \OT1/cmr/m/n/10.95 in \OT1/cmtt/m/n/10.95 bel
ief_model.py\OT1/cmr/m/n/10.95 : 
 []

[8]
Overfull \hbox (1.63737pt too wide) in paragraph at lines 406--406
[]                \OT1/cmtt/m/n/10.95 + (o_prime - mu) * (o_prime - mu_prime)) 
/ (observation_count + 1)[] 
 []


Overfull \hbox (93.61638pt too wide) in paragraph at lines 458--458
[]\OT1/cmtt/m/n/10.95 sigma2_prime = (observation_count * sigma_vals**2 + delta
 * delta_prime) / (observation_count + 1)[] 
 []


Overfull \hbox (8.30084pt too wide) in paragraph at lines 476--479
[]\OT1/cmr/bx/n/10.95 Example 2.2 \OT1/cmr/m/n/10.95 (Fancy in-dex-ing)\OT1/cmr
/bx/n/10.95 . []\OT1/cmr/m/n/10.95 If \OT1/cmtt/m/n/10.95 A = [10, 20, 30, 40, 
50] \OT1/cmr/m/n/10.95 and \OT1/cmtt/m/n/10.95 idx = [0, 3, 1]\OT1/cmr/m/n/10.9
5 , then \OT1/cmtt/m/n/10.95 A[idx]
 []

[9] [10]
Overfull \hbox (117.305pt too wide) in paragraph at lines 501--515
 [] 
 []

[11

]
LaTeX Font Info:    Font shape `OT1/cmtt/bx/n' in size <12> not available
(Font)              Font shape `OT1/cmtt/m/n' tried instead on input line 562.
 [12

] [13] [14] [15]
Overfull \hbox (24.63213pt too wide) in paragraph at lines 875--875
[]\OT1/cmtt/m/n/10.95 min_dose_reserved_for_future = (number_of_fractions - fra
ction_index_today) * min_dose 
 []


Overfull \hbox (52.91959pt too wide) in paragraph at lines 884--889
[]\OT1/cmr/m/n/10.95 The guard \OT1/cmtt/m/n/10.95 max_action_index = max(..., 
1) \OT1/cmr/m/n/10.95 en-sures that at least the min-i-mum dose (\OT1/cmtt/m/n/
10.95 action_space[0]\OT1/cmr/m/n/10.95 )
 []

[16] [17] [18

] [19] [20]
Overfull \hbox (0.76715pt too wide) in paragraph at lines 1207--1212
\OT1/cmtt/m/n/10.95 None, None] \OT1/cmr/m/n/10.95 has shape $(\OML/cmm/m/it/10
.95 N[]; \OT1/cmr/m/n/10.95 1\OML/cmm/m/it/10.95 ; \OT1/cmr/m/n/10.95 1)$, and 
\OT1/cmtt/m/n/10.95 _SIGMA_GRID[None, :, None] \OT1/cmr/m/n/10.95 has shape $(1
\OML/cmm/m/it/10.95 ; N[]; \OT1/cmr/m/n/10.95 1)$. NumPy
 []

[21] [22

]
Overfull \hbox (1.63737pt too wide) in paragraph at lines 1305--1305
[]\OT1/cmtt/m/n/10.95 def _hypothetical_belief_grid_indices(mu, sigma, volume_s
pace, observation_count): 
 []


Overfull \hbox (13.13475pt too wide) in paragraph at lines 1306--1306
[]    \OT1/cmtt/m/n/10.95 """For each hypothetical next overlap in volume_space
, compute where the updated[] 
 []


Overfull \hbox (82.119pt too wide) in paragraph at lines 1315--1315
[]                    \OT1/cmtt/m/n/10.95 + (volume_space - mu) * (volume_space
 - mu_prime)) / (observation_count + 1)[] 
 []


Overfull \hbox (41.6277pt too wide) in paragraph at lines 1341--1347
\OT1/cmr/m/n/10.95 where $\OML/cmm/m/it/10.95 p[]$ \OT1/cmr/m/n/10.95 is the pr
ob-a-bil-ity of branch $\OML/cmm/m/it/10.95 j$ \OT1/cmr/m/n/10.95 given the cur
-rent be-lief (a 1-D slice from \OT1/cmtt/m/n/10.95 current_overlap_probs\OT1/c
mr/m/n/10.95 ),
 []


Overfull \hbox (19.65526pt too wide) in paragraph at lines 1349--1353
\OT1/cmr/m/it/10.95 dif-fer-ent \OT1/cmr/m/n/10.95 be-lief in-dex pair $([][\OM
L/cmm/m/it/10.95 j\OT1/cmr/m/n/10.95 ]\OML/cmm/m/it/10.95 ; []\OT1/cmr/m/n/10.9
5 [\OML/cmm/m/it/10.95 j\OT1/cmr/m/n/10.95 ])$. A plain slice like \OT1/cmtt/m/
n/10.95 values_prev[:,
 []

[23]
Overfull \hbox (59.12425pt too wide) in paragraph at lines 1365--1365
[]\OT1/cmtt/m/n/10.95 def _bellman_expectation(values_prev, volume_space, p_bra
nch, mu, sigma, observation_count): 
 []


Overfull \hbox (76.37032pt too wide) in paragraph at lines 1366--1366
[]    \OT1/cmtt/m/n/10.95 """Bellman expectation over all hypothetical next ove
rlaps for a single belief (mu, sigma).[] 
 []


Overfull \hbox (7.38606pt too wide) in paragraph at lines 1372--1372
[]    \OT1/cmtt/m/n/10.95 p_branch:    (N_overlap,) probability of each next ov
erlap under current belief[] 
 []


Overfull \hbox (105.11375pt too wide) in paragraph at lines 1375--1375
[]    \OT1/cmtt/m/n/10.95 next_mi, next_si = _hypothetical_belief_grid_indices(
mu, sigma, volume_space, observation_count)[] 
 []


Overfull \hbox (104.78058pt too wide) in paragraph at lines 1387--1392
[]\OT1/cmr/m/n/10.95 This scalar ver-sion is used only for the ac-tual frac-tio
n's de-ci-sion, where $([]\OML/cmm/m/it/10.95 ; []\OT1/cmr/m/n/10.95 )$
 []

[24]
LaTeX Font Info:    Font shape `OT1/cmtt/bx/n' in size <14.4> not available
(Font)              Font shape `OT1/cmtt/m/n' tried instead on input line 1395.


Overfull \hbox (36.1295pt too wide) in paragraph at lines 1426--1426
[]\OT1/cmtt/m/n/10.95 dose_space = np.arange(min_accumulated_dose_after_fractio
n, prescribed_dose, dose_steps) 
 []


Overfull \hbox (12.9453pt too wide) in paragraph at lines 1466--1473
\OT1/cmtt/m/n/10.95 values[n_s-1]\OT1/cmr/m/n/10.95 . The ac-tual cur-rent frac
-tion $\OML/cmm/m/it/10.95 f$ \OT1/cmr/m/n/10.95 is re-solved sep-a-rately by \
OT1/cmtt/m/n/10.95 _resolve_current_fraction\OT1/cmr/m/n/10.95 ,
 []

[25

]
Overfull \hbox (36.1295pt too wide) in paragraph at lines 1531--1531
[]\OT1/cmtt/m/n/10.95 current_overlap_probs = current_belief_probdist(initial_b
elief_mu, initial_belief_sigma)[] 
 []

[26]
Overfull \hbox (36.48557pt too wide) in paragraph at lines 1540--1547
\OT1/cmr/m/n/10.95 prob-a-bil-ity vec-tor over the 441-point over-lap grid un-d
er $\OMS/cmsy/m/n/10.95 N\OT1/cmr/m/n/10.95 ([]\OML/cmm/m/it/10.95 ; [][]\OT1/c
mr/m/n/10.95 )$,
 []


Overfull \hbox (43.66187pt too wide) in paragraph at lines 1572--1577
[]\OT1/cmtt/m/n/10.95 np.arange(F, f-1, -1) \OT1/cmr/m/n/10.95 gen-er-ates $[\O
ML/cmm/m/it/10.95 F; F \OMS/cmsy/m/n/10.95 ^^@ \OT1/cmr/m/n/10.95 1\OML/cmm/m/i
t/10.95 ; [] ; f\OT1/cmr/m/n/10.95 ]$ where $\OML/cmm/m/it/10.95 f$ \OT1/cmr/m/
n/10.95 is \OT1/cmtt/m/n/10.95 fraction_index_today\OT1/cmr/m/n/10.95 . \OT1/cm
tt/m/n/10.95 enumerate(...)
 []


Overfull \hbox (9.76309pt too wide) in paragraph at lines 1578--1583
\OT1/cmr/m/n/10.95 pres-sions that fol-low work ei-ther way, but the ex-plicit 
cast makes the in-tent clear: \OT1/cmtt/m/n/10.95 observation_count
 []

[27]
Overfull \hbox (28.92392pt too wide) in paragraph at lines 1617--1620
\OT1/cmr/m/n/10.95 Then \OT1/cmtt/m/n/10.95 _resolve_current_fraction \OT1/cmr/
m/n/10.95 runs the actual-fraction step for $\OML/cmm/m/it/10.95 f \OT1/cmr/m/n
/10.95 = 2$, pro-duc-ing \OT1/cmtt/m/n/10.95 recommended_dose
 []


Overfull \hbox (13.13475pt too wide) in paragraph at lines 1637--1637
[]\OT1/cmtt/m/n/10.95 # --- Terminal fraction (i == 0): no choice | deliver exa
ctly the remaining dose --- 
 []


Overfull \hbox (99.36507pt too wide) in paragraph at lines 1641--1641
[]\OT1/cmtt/m/n/10.95 terminal_oar_penalty = penalty_calc_single(best_actions[:
, None], min_dose, _VOLUME_SPACE[None, :])[] 
 []


Overfull \hbox (122.35982pt too wide) in paragraph at lines 1649--1649
[]\OT1/cmtt/m/n/10.95 terminal_state_value = (-terminal_oar_penalty + underdose
_penalty[:, None] + overdose_penalty[:, None])[] 
 []


Overfull \hbox (64.87294pt too wide) in paragraph at lines 1651--1651
[]\OT1/cmtt/m/n/10.95 policies[i] = best_actions[:, None, None, None] * np.ones
((N_dose, N_overlap, N_mu, N_sigma))[] 
 []


Overfull \hbox (19.52121pt too wide) in paragraph at lines 1666--1669
[]\OT1/cmr/m/n/10.95 Note that \OT1/cmtt/m/n/10.95 np.clip(prescribed_dose - do
se_space, min_dose, max_dose) \OT1/cmr/m/n/10.95 per-forms the clamp-
 []

[28]
Overfull \hbox (131.8245pt too wide) in paragraph at lines 1682--1685
\OT1/cmr/m/n/10.95 The ex-pected fu-ture value for ev-ery (accumulated-dose, be
-lief) com-bi-na-tion is com-puted by \OT1/cmtt/m/n/10.95 _bellman_expectation_
full_grid
 []


Overfull \hbox (41.87819pt too wide) in paragraph at lines 1687--1687
[]\OT1/cmtt/m/n/10.95 future_value_prob_full = _bellman_expectation_full_grid(v
alues[i - 1], observation_count) 
 []

[29]
Overfull \hbox (82.119pt too wide) in paragraph at lines 1747--1747
[]\OT1/cmtt/m/n/10.95 max_action_indices = np.abs(action_space[None, :] - max_a
llowed_actions[:, None]).argmin(axis=1)[] 
 []


Overfull \hbox (24.63213pt too wide) in paragraph at lines 1749--1749
[]\OT1/cmtt/m/n/10.95 valid_actions = (np.arange(action_space.size)[None, :] <=
 max_action_indices[:, None])[] 
 []


Overfull \hbox (5.35939pt too wide) in paragraph at lines 1753--1755
[]\OT1/cmr/m/n/10.95 Invalid ac-tions (those that would over-shoot $\OML/cmm/m/
it/10.95 D[]$ \OT1/cmr/m/n/10.95 from some dose states) are masked to \OT1/cmtt
/m/n/10.95 min_float
 []


Overfull \hbox (13.13475pt too wide) in paragraph at lines 1778--1778
[]\OT1/cmtt/m/n/10.95 future_values_masked_action_last = future_values_masked.t
ranspose(0, 2, 3, 1).copy()[] 
 []

[30]
Overfull \hbox (10.92148pt too wide) in paragraph at lines 1822--1826
\OT1/cmr/m/n/10.95 row-major (C) or-der: the last axis varies fastest in mem-or
y. For a 4-D ar-ray of shape $(\OML/cmm/m/it/10.95 N[]; N[]; N[]; N[]\OT1/cmr/m
/n/10.95 )$,
 []


Overfull \hbox (89.09291pt too wide) in paragraph at lines 1849--1854
[]\OT1/cmr/m/n/10.95 The key dif-fer-ence from Case 2 is that we use a \OT1/cmr
/m/it/10.95 sin-gle \OT1/cmr/m/n/10.95 start-ing be-lief $([]\OML/cmm/m/it/10.9
5 ; []\OT1/cmr/m/n/10.95 )$
 []


Overfull \hbox (1.63737pt too wide) in paragraph at lines 1865--1865
[]    \OT1/cmtt/m/n/10.95 np.searchsorted(dose_space, np.round(action_space, de
cimals=10), side='left'),[] 
 []

[31]
Overfull \hbox (24.63213pt too wide) in paragraph at lines 1898--1898
[]\OT1/cmtt/m/n/10.95 min_dose_reserved_for_future = (number_of_fractions - fra
ction_index_today) * min_dose[] 
 []


Overfull \hbox (41.87819pt too wide) in paragraph at lines 1905--1905
[]\OT1/cmtt/m/n/10.95 feasible_overlap_penalty = penalty_calc_matrix(feasible_a
ctions, _VOLUME_SPACE, min_dose)[] 
 []


Overfull \hbox (7.38606pt too wide) in paragraph at lines 1906--1906
[]\OT1/cmtt/m/n/10.95 immediate_cost  = penalty_calc_single(feasible_actions, m
in_dose, observed_overlap)[] 
 []


Overfull \hbox (24.63213pt too wide) in paragraph at lines 1909--1909
[]\OT1/cmtt/m/n/10.95 future_accumulated_dose[future_accumulated_dose > prescri
bed_dose] = overdose_sentinel[] 
 []


Overfull \hbox (18.88344pt too wide) in paragraph at lines 1917--1917
[]\OT1/cmtt/m/n/10.95 future_values = linear_interp(dose_space, future_value_pr
ob, future_accumulated_dose)[] 
 []


Overfull \hbox (30.38081pt too wide) in paragraph at lines 1919--1919
[]\OT1/cmtt/m/n/10.95 state_values_full_grid = -feasible_overlap_penalty + futu
re_values + overdose_penalties[] 
 []

[32]
Overfull \hbox (59.12425pt too wide) in paragraph at lines 1967--1967
[]    \OT1/cmtt/m/n/10.95 optimal_state_value,   # float -- best total expected
 OAR cost from this fraction onward[] 
 []

[33]
Overfull \hbox (7.38606pt too wide) in paragraph at lines 2030--2030
[]            \OT1/cmtt/m/n/10.95 accumulated_doses[index + 1] = accumulated_do
ses[index] + physical_dose[] 
 []

[34

]
Overfull \hbox (36.1295pt too wide) in paragraph at lines 2100--2100
[]            \OT1/cmtt/m/n/10.95 ctx, fraction_index_today, number_of_fraction
s, volume, volumes, alpha, beta[] 
 []

[35]
Overfull \hbox (0.80403pt too wide) in paragraph at lines 2155--2159
 \OT1/cmr/bx/n/10.95 Float-drift guard.[] \OT1/cmr/m/n/10.95 The step \OT1/cmtt
/m/n/10.95 np.round(volume + 0.1, 10) \OT1/cmr/m/n/10.95 pre-vents ac-cu-mu-lat
ed floating-point
 []

[36]
Overfull \hbox (11.27783pt too wide) in paragraph at lines 2188--2191
[]\OT1/cmtt/m/n/10.95 _bellman_expectation_full_grid\OT1/cmr/m/n/10.95 : vec-to
rised Welford up-date over all $(\OML/cmm/m/it/10.95 i; s; j\OT1/cmr/m/n/10.95 
)$ triples,
 []


Overfull \hbox (120.96214pt too wide) in paragraph at lines 2204--2208
[]\OT1/cmr/m/n/10.95 Compute \OT1/cmtt/m/n/10.95 current_overlap_probs $\OT1/cm
r/m/n/10.95 = []([]\OML/cmm/m/it/10.95 ; []\OT1/cmr/m/n/10.95 )$
 []

[37

] [38

]
Overfull \hbox (44.64621pt too wide) in paragraph at lines 2376--2380
[]
 []


Overfull \hbox (6.372pt too wide) in paragraph at lines 2382--2385
[]\OT1/cmr/m/n/10.95 The ac-tion axis
 []


Overfull \hbox (0.46562pt too wide) in paragraph at lines 2392--2396
[]\OT1/cmr/m/n/10.95 Binary search ($\OML/cmm/m/it/10.95 O\OT1/cmr/m/n/10.95 (\
OML/cmm/m/it/10.95 n [] K\OT1/cmr/m/n/10.95 )$) is $\OMS/cmsy/m/n/10.95 ^^Y \OT
1/cmr/m/n/10.95 20\OMS/cmsy/m/n/10.95 ^^B$ \OT1/cmr/m/n/10.95 faster than \OT1/
cmtt/m/n/10.95 argmin \OT1/cmr/m/n/10.95 ($\OML/cmm/m/it/10.95 O\OT1/cmr/m/n/10
.95 (\OML/cmm/m/it/10.95 nK\OT1/cmr/m/n/10.95 )$)
 []


Overfull \hbox (2.2795pt too wide) in paragraph at lines 2398--2402
[]\OT1/cmtt/m/n/10.95 take_along_axis \OT1/cmr/m/n/10.95 al-lo-cates a tem-
 []

[39

] [40] (./DetailedDesign_StageA.aux) ) 
Here is how much of TeX's memory you used:
 3690 strings out of 480247
 52881 string characters out of 5896152
 358741 words of memory out of 5000000
 21609 multiletter control sequences out of 15000+600000
 479322 words of font info for 67 fonts, out of 8000000 for 9000
 14 hyphenation exceptions out of 8191
 55i,11n,62p,241b,276s stack positions out of 5000i,500n,10000p,200000b,80000s
 </home/tsoles/.texlive2021/texmf-var/fon
ts/pk/ljfour/jknappen/ec/tcrm1095.600pk></usr/share/texlive/texmf-dist/fonts/ty
pe1/public/amsfonts/cm/cmbx10.pfb></usr/share/texlive/texmf-dist/fonts/type1/pu
blic/amsfonts/cm/cmbx12.pfb></usr/share/texlive/texmf-dist/fonts/type1/public/a
msfonts/cm/cmex10.pfb></usr/share/texlive/texmf-dist/fonts/type1/public/amsfont
s/cm/cmmi10.pfb></usr/share/texlive/texmf-dist/fonts/type1/public/amsfonts/cm/c
mmi12.pfb></usr/share/texlive/texmf-dist/fonts/type1/public/amsfonts/cm/cmmi8.p
fb></usr/share/texlive/texmf-dist/fonts/type1/public/amsfonts/cm/cmr10.pfb></us
r/share/texlive/texmf-dist/fonts/type1/public/amsfonts/cm/cmr12.pfb></usr/share
/texlive/texmf-dist/fonts/type1/public/amsfonts/cm/cmr17.pfb></usr/share/texliv
e/texmf-dist/fonts/type1/public/amsfonts/cm/cmr6.pfb></usr/share/texlive/texmf-
dist/fonts/type1/public/amsfonts/cm/cmr8.pfb></usr/share/texlive/texmf-dist/fon
ts/type1/public/amsfonts/cm/cmsy10.pfb></usr/share/texlive/texmf-dist/fonts/typ
e1/public/amsfonts/cm/cmsy6.pfb></usr/share/texlive/texmf-dist/fonts/type1/publ
ic/amsfonts/cm/cmsy8.pfb></usr/share/texlive/texmf-dist/fonts/type1/public/amsf
onts/cm/cmti10.pfb></usr/share/texlive/texmf-dist/fonts/type1/public/amsfonts/c
m/cmtt10.pfb></usr/share/texlive/texmf-dist/fonts/type1/public/amsfonts/cm/cmtt
12.pfb></usr/share/texlive/texmf-dist/fonts/type1/public/amsfonts/symbols/msbm1
0.pfb>
Output written on DetailedDesign_StageA.pdf (40 pages, 354948 bytes).
PDF statistics:
 230 PDF objects out of 1000 (max. 8388607)
 149 compressed objects within 2 object streams
 0 named destinations out of 1000 (max. 500000)
 1 words of extra memory for PDF output out of 10000 (max. 10000000)

